2023-02-13 22:38:16,375 [Worker-8: Loading available Gradle versions] INFO  o.e.b.c.i.u.g.PublishedGradleVersions - Gradle version information cache is up-to-date. Trying to read.
2023-02-13 22:48:29,397 [Worker-7: Loading available Gradle versions] INFO  o.e.b.c.i.u.g.PublishedGradleVersions - Gradle version information cache is up-to-date. Trying to read.
2023-02-13 22:49:25,172 [Worker-20: Importing Maven projects] INFO  o.e.m.c.i.l.LifecycleMappingFactory - Using org.eclipse.m2e.jdt.JarLifecycleMapping lifecycle mapping for MavenProject: com.dphone.customer:Dphone_Customer_Service:0.0.1-SNAPSHOT @ /Users/sankalpgupta/Documents/DPhone-Enterprise/Dphone_Customer_Service/pom.xml.
2023-02-13 22:49:27,146 [Worker-20: Importing Maven projects] INFO  o.e.m.j.i.AbstractJavaProjectConfigurator - Adding source folder /Dphone_Customer_Service/src/main/java
2023-02-13 22:49:27,146 [Worker-20: Importing Maven projects] INFO  o.e.m.j.i.AbstractJavaProjectConfigurator - Adding resource folder /Dphone_Customer_Service/src/main/resources
2023-02-13 22:49:27,149 [Worker-20: Importing Maven projects] INFO  o.e.m.j.i.AbstractJavaProjectConfigurator - Adding resource folder /Dphone_Customer_Service/src/main/resources
2023-02-13 22:49:27,152 [Worker-20: Importing Maven projects] INFO  o.e.m.j.i.AbstractJavaProjectConfigurator - Adding source folder /Dphone_Customer_Service/src/test/java
2023-02-13 22:49:29,993 [Worker-20: Importing Maven projects] INFO  o.e.m.c.i.p.ProjectConfigurationManager - Imported and configured 1 project(s) in 7 sec
2023-02-13 22:49:51,889 [Worker-4: Loading available Gradle versions] INFO  o.e.b.c.i.u.g.PublishedGradleVersions - Gradle version information cache is up-to-date. Trying to read.
2023-02-13 22:49:56,271 [Worker-1: Building] INFO  o.a.m.s.f.DefaultMavenResourcesFiltering - Copying 1 resource
2023-02-13 22:49:56,285 [Worker-1: Building] INFO  o.a.m.s.f.DefaultMavenResourcesFiltering - Copying 0 resource
2023-02-13 22:49:56,291 [Worker-1: Building] INFO  o.a.m.s.f.DefaultMavenResourcesFiltering - skip non existing resourceDirectory /Users/sankalpgupta/Documents/DPhone-Enterprise/Dphone_Customer_Service/src/test/resources
2023-02-13 22:51:17,073 [Worker-23: Building] INFO  o.a.m.s.f.DefaultMavenResourcesFiltering - Copying 1 resource
2023-02-13 22:51:17,110 [Worker-23: Building] INFO  o.a.m.s.f.DefaultMavenResourcesFiltering - Copying 0 resource
2023-02-13 22:51:17,114 [Worker-23: Building] INFO  o.a.m.s.f.DefaultMavenResourcesFiltering - skip non existing resourceDirectory /Users/sankalpgupta/Documents/DPhone-Enterprise/Dphone_Customer_Service/src/test/resources
2023-02-13 22:51:40,091 [Worker-14: Building] INFO  o.a.m.s.f.DefaultMavenResourcesFiltering - Copying 1 resource
2023-02-13 22:51:40,126 [Worker-14: Building] INFO  o.a.m.s.f.DefaultMavenResourcesFiltering - Copying 0 resource
2023-02-13 22:51:40,139 [Worker-14: Building] INFO  o.a.m.s.f.DefaultMavenResourcesFiltering - skip non existing resourceDirectory /Users/sankalpgupta/Documents/DPhone-Enterprise/Dphone_Customer_Service/src/test/resources
2023-02-13 22:51:57,031 [Worker-0: Building] INFO  o.a.m.s.f.DefaultMavenResourcesFiltering - Copying 1 resource
2023-02-13 22:51:57,060 [Worker-0: Building] INFO  o.a.m.s.f.DefaultMavenResourcesFiltering - Copying 0 resource
2023-02-13 22:51:57,063 [Worker-0: Building] INFO  o.a.m.s.f.DefaultMavenResourcesFiltering - skip non existing resourceDirectory /Users/sankalpgupta/Documents/DPhone-Enterprise/Dphone_Customer_Service/src/test/resources
2023-02-13 22:52:14,322 [Worker-19: Building] INFO  o.a.m.s.f.DefaultMavenResourcesFiltering - Copying 1 resource
2023-02-13 22:52:14,336 [Worker-19: Building] INFO  o.a.m.s.f.DefaultMavenResourcesFiltering - Copying 0 resource
2023-02-13 22:52:14,413 [Worker-19: Building] INFO  o.a.m.s.f.DefaultMavenResourcesFiltering - skip non existing resourceDirectory /Users/sankalpgupta/Documents/DPhone-Enterprise/Dphone_Customer_Service/src/test/resources
2023-02-13 22:52:37,360 [Worker-13: Building] INFO  o.a.m.s.f.DefaultMavenResourcesFiltering - Copying 1 resource
2023-02-13 22:52:37,390 [Worker-13: Building] INFO  o.a.m.s.f.DefaultMavenResourcesFiltering - Copying 0 resource
2023-02-13 22:52:37,398 [Worker-13: Building] INFO  o.a.m.s.f.DefaultMavenResourcesFiltering - skip non existing resourceDirectory /Users/sankalpgupta/Documents/DPhone-Enterprise/Dphone_Customer_Service/src/test/resources
2023-02-13 22:54:48,756 [Worker-22: Building] INFO  o.e.m.c.i.l.LifecycleMappingFactory - Using org.eclipse.m2e.jdt.JarLifecycleMapping lifecycle mapping for MavenProject: com.dphone.customer:Dphone_Customer_Service:0.0.1-SNAPSHOT @ /Users/sankalpgupta/Documents/DPhone-Enterprise/Dphone_Customer_Service/pom.xml.
2023-02-13 22:54:49,835 [Worker-22: Building] INFO  o.a.m.s.f.DefaultMavenResourcesFiltering - Copying 0 resource
2023-02-13 22:54:49,838 [Worker-22: Building] INFO  o.a.m.s.f.DefaultMavenResourcesFiltering - Copying 0 resource
2023-02-13 22:54:49,844 [Worker-22: Building] INFO  o.a.m.s.f.DefaultMavenResourcesFiltering - skip non existing resourceDirectory /Users/sankalpgupta/Documents/DPhone-Enterprise/Dphone_Customer_Service/src/test/resources
2023-02-13 22:54:51,350 [Worker-4: Building] INFO  o.a.m.s.f.DefaultMavenResourcesFiltering - Copying 1 resource
2023-02-13 22:54:51,360 [Worker-4: Building] INFO  o.a.m.s.f.DefaultMavenResourcesFiltering - Copying 0 resource
2023-02-13 22:54:51,364 [Worker-4: Building] INFO  o.a.m.s.f.DefaultMavenResourcesFiltering - skip non existing resourceDirectory /Users/sankalpgupta/Documents/DPhone-Enterprise/Dphone_Customer_Service/src/test/resources
2023-02-13 22:55:33,948 [Worker-27: Importing Maven projects] INFO  o.e.m.c.i.l.LifecycleMappingFactory - Using org.eclipse.m2e.jdt.JarLifecycleMapping lifecycle mapping for MavenProject: demoSpringRest:demoSpringRest:0.0.1-SNAPSHOT @ /Users/sankalpgupta/Downloads/demoSpringRest/pom.xml.
2023-02-13 22:55:36,322 [Worker-27: Importing Maven projects] INFO  o.e.m.j.i.AbstractJavaProjectConfigurator - Adding source folder /demoSpringRest/src/main/java
2023-02-13 22:55:36,324 [Worker-27: Importing Maven projects] INFO  o.e.m.j.i.AbstractJavaProjectConfigurator - Adding resource folder /demoSpringRest/src/main/resources
2023-02-13 22:55:36,325 [Worker-27: Importing Maven projects] INFO  o.e.m.j.i.AbstractJavaProjectConfigurator - Adding resource folder /demoSpringRest/src/main/resources
2023-02-13 22:55:36,325 [Worker-27: Importing Maven projects] INFO  o.e.m.j.i.AbstractJavaProjectConfigurator - Adding source folder /demoSpringRest/src/test/java
2023-02-13 22:55:36,592 [Worker-27: Importing Maven projects] INFO  o.e.m.c.i.p.ProjectConfigurationManager - Imported and configured 1 project(s) in 3 sec
2023-02-13 22:57:55,601 [Worker-29: Building] INFO  o.a.m.s.f.DefaultMavenResourcesFiltering - Copying 1 resource
2023-02-13 22:57:55,635 [Worker-29: Building] INFO  o.a.m.s.f.DefaultMavenResourcesFiltering - Copying 0 resource
2023-02-13 22:57:55,639 [Worker-29: Building] INFO  o.a.m.s.f.DefaultMavenResourcesFiltering - skip non existing resourceDirectory /Users/sankalpgupta/Documents/DPhone-Enterprise/Dphone_Customer_Service/src/test/resources
2023-02-13 22:58:21,788 [main] INFO  o.e.m2e.actions.ExecutePomAction - Creating new launch configuration
2023-02-13 22:58:40,803 [Worker-30: Launching Dphone_Customer_Service] INFO  o.eclipse.m2e.core.internal.Bundles - getClasspathEntries(Bundle=org.eclipse.m2e.maven.runtime_3.8.604.20221130-2149 [263])
2023-02-13 22:58:40,823 [Worker-30: Launching Dphone_Customer_Service] INFO  o.eclipse.m2e.core.internal.Bundles - 	Entry: /Users/sankalpgupta/.p2/pool/plugins/org.eclipse.m2e.maven.runtime_3.8.604.20221130-2149
2023-02-13 22:58:40,824 [Worker-30: Launching Dphone_Customer_Service] INFO  o.eclipse.m2e.core.internal.Bundles - 	Entry: /Users/sankalpgupta/.p2/pool/plugins/org.eclipse.m2e.maven.runtime_3.8.604.20221130-2149/jars/aether-connector-okhttp-0.17.8.jar
2023-02-13 22:58:40,825 [Worker-30: Launching Dphone_Customer_Service] INFO  o.eclipse.m2e.core.internal.Bundles - 	Entry: /Users/sankalpgupta/.p2/pool/plugins/org.eclipse.m2e.maven.runtime_3.8.604.20221130-2149/jars/commons-cli-1.4.jar
2023-02-13 22:58:40,825 [Worker-30: Launching Dphone_Customer_Service] INFO  o.eclipse.m2e.core.internal.Bundles - 	Entry: /Users/sankalpgupta/.p2/pool/plugins/org.eclipse.m2e.maven.runtime_3.8.604.20221130-2149/jars/commons-io-2.6.jar
2023-02-13 22:58:40,825 [Worker-30: Launching Dphone_Customer_Service] INFO  o.eclipse.m2e.core.internal.Bundles - 	Entry: /Users/sankalpgupta/.p2/pool/plugins/org.eclipse.m2e.maven.runtime_3.8.604.20221130-2149/jars/commons-lang3-3.8.1.jar
2023-02-13 22:58:40,825 [Worker-30: Launching Dphone_Customer_Service] INFO  o.eclipse.m2e.core.internal.Bundles - 	Entry: /Users/sankalpgupta/.p2/pool/plugins/org.eclipse.m2e.maven.runtime_3.8.604.20221130-2149/jars/guice-4.2.2-no_aop.jar
2023-02-13 22:58:40,825 [Worker-30: Launching Dphone_Customer_Service] INFO  o.eclipse.m2e.core.internal.Bundles - 	Entry: /Users/sankalpgupta/.p2/pool/plugins/org.eclipse.m2e.maven.runtime_3.8.604.20221130-2149/jars/jansi-2.4.0.jar
2023-02-13 22:58:40,825 [Worker-30: Launching Dphone_Customer_Service] INFO  o.eclipse.m2e.core.internal.Bundles - 	Entry: /Users/sankalpgupta/.p2/pool/plugins/org.eclipse.m2e.maven.runtime_3.8.604.20221130-2149/jars/maven-artifact-3.8.6.jar
2023-02-13 22:58:40,825 [Worker-30: Launching Dphone_Customer_Service] INFO  o.eclipse.m2e.core.internal.Bundles - 	Entry: /Users/sankalpgupta/.p2/pool/plugins/org.eclipse.m2e.maven.runtime_3.8.604.20221130-2149/jars/maven-builder-support-3.8.6.jar
2023-02-13 22:58:40,825 [Worker-30: Launching Dphone_Customer_Service] INFO  o.eclipse.m2e.core.internal.Bundles - 	Entry: /Users/sankalpgupta/.p2/pool/plugins/org.eclipse.m2e.maven.runtime_3.8.604.20221130-2149/jars/maven-compat-3.8.6.jar
2023-02-13 22:58:40,825 [Worker-30: Launching Dphone_Customer_Service] INFO  o.eclipse.m2e.core.internal.Bundles - 	Entry: /Users/sankalpgupta/.p2/pool/plugins/org.eclipse.m2e.maven.runtime_3.8.604.20221130-2149/jars/maven-core-3.8.6.jar
2023-02-13 22:58:40,825 [Worker-30: Launching Dphone_Customer_Service] INFO  o.eclipse.m2e.core.internal.Bundles - 	Entry: /Users/sankalpgupta/.p2/pool/plugins/org.eclipse.m2e.maven.runtime_3.8.604.20221130-2149/jars/maven-embedder-3.8.6.jar
2023-02-13 22:58:40,825 [Worker-30: Launching Dphone_Customer_Service] INFO  o.eclipse.m2e.core.internal.Bundles - 	Entry: /Users/sankalpgupta/.p2/pool/plugins/org.eclipse.m2e.maven.runtime_3.8.604.20221130-2149/jars/maven-model-3.8.6.jar
2023-02-13 22:58:40,825 [Worker-30: Launching Dphone_Customer_Service] INFO  o.eclipse.m2e.core.internal.Bundles - 	Entry: /Users/sankalpgupta/.p2/pool/plugins/org.eclipse.m2e.maven.runtime_3.8.604.20221130-2149/jars/maven-model-builder-3.8.6.jar
2023-02-13 22:58:40,825 [Worker-30: Launching Dphone_Customer_Service] INFO  o.eclipse.m2e.core.internal.Bundles - 	Entry: /Users/sankalpgupta/.p2/pool/plugins/org.eclipse.m2e.maven.runtime_3.8.604.20221130-2149/jars/maven-plugin-api-3.8.6.jar
2023-02-13 22:58:40,825 [Worker-30: Launching Dphone_Customer_Service] INFO  o.eclipse.m2e.core.internal.Bundles - 	Entry: /Users/sankalpgupta/.p2/pool/plugins/org.eclipse.m2e.maven.runtime_3.8.604.20221130-2149/jars/maven-repository-metadata-3.8.6.jar
2023-02-13 22:58:40,826 [Worker-30: Launching Dphone_Customer_Service] INFO  o.eclipse.m2e.core.internal.Bundles - 	Entry: /Users/sankalpgupta/.p2/pool/plugins/org.eclipse.m2e.maven.runtime_3.8.604.20221130-2149/jars/maven-resolver-api-1.6.3.jar
2023-02-13 22:58:40,826 [Worker-30: Launching Dphone_Customer_Service] INFO  o.eclipse.m2e.core.internal.Bundles - 	Entry: /Users/sankalpgupta/.p2/pool/plugins/org.eclipse.m2e.maven.runtime_3.8.604.20221130-2149/jars/maven-resolver-connector-basic-1.6.3.jar
2023-02-13 22:58:40,826 [Worker-30: Launching Dphone_Customer_Service] INFO  o.eclipse.m2e.core.internal.Bundles - 	Entry: /Users/sankalpgupta/.p2/pool/plugins/org.eclipse.m2e.maven.runtime_3.8.604.20221130-2149/jars/maven-resolver-impl-1.6.3.jar
2023-02-13 22:58:40,826 [Worker-30: Launching Dphone_Customer_Service] INFO  o.eclipse.m2e.core.internal.Bundles - 	Entry: /Users/sankalpgupta/.p2/pool/plugins/org.eclipse.m2e.maven.runtime_3.8.604.20221130-2149/jars/maven-resolver-provider-3.8.6.jar
2023-02-13 22:58:40,826 [Worker-30: Launching Dphone_Customer_Service] INFO  o.eclipse.m2e.core.internal.Bundles - 	Entry: /Users/sankalpgupta/.p2/pool/plugins/org.eclipse.m2e.maven.runtime_3.8.604.20221130-2149/jars/maven-resolver-spi-1.6.3.jar
2023-02-13 22:58:40,826 [Worker-30: Launching Dphone_Customer_Service] INFO  o.eclipse.m2e.core.internal.Bundles - 	Entry: /Users/sankalpgupta/.p2/pool/plugins/org.eclipse.m2e.maven.runtime_3.8.604.20221130-2149/jars/maven-resolver-transport-wagon-1.6.3.jar
2023-02-13 22:58:40,826 [Worker-30: Launching Dphone_Customer_Service] INFO  o.eclipse.m2e.core.internal.Bundles - 	Entry: /Users/sankalpgupta/.p2/pool/plugins/org.eclipse.m2e.maven.runtime_3.8.604.20221130-2149/jars/maven-resolver-util-1.6.3.jar
2023-02-13 22:58:40,826 [Worker-30: Launching Dphone_Customer_Service] INFO  o.eclipse.m2e.core.internal.Bundles - 	Entry: /Users/sankalpgupta/.p2/pool/plugins/org.eclipse.m2e.maven.runtime_3.8.604.20221130-2149/jars/maven-settings-3.8.6.jar
2023-02-13 22:58:40,826 [Worker-30: Launching Dphone_Customer_Service] INFO  o.eclipse.m2e.core.internal.Bundles - 	Entry: /Users/sankalpgupta/.p2/pool/plugins/org.eclipse.m2e.maven.runtime_3.8.604.20221130-2149/jars/maven-settings-builder-3.8.6.jar
2023-02-13 22:58:40,826 [Worker-30: Launching Dphone_Customer_Service] INFO  o.eclipse.m2e.core.internal.Bundles - 	Entry: /Users/sankalpgupta/.p2/pool/plugins/org.eclipse.m2e.maven.runtime_3.8.604.20221130-2149/jars/maven-shared-utils-3.3.4.jar
2023-02-13 22:58:40,826 [Worker-30: Launching Dphone_Customer_Service] INFO  o.eclipse.m2e.core.internal.Bundles - 	Entry: /Users/sankalpgupta/.p2/pool/plugins/org.eclipse.m2e.maven.runtime_3.8.604.20221130-2149/jars/okhttp-3.14.1.jar
2023-02-13 22:58:40,826 [Worker-30: Launching Dphone_Customer_Service] INFO  o.eclipse.m2e.core.internal.Bundles - 	Entry: /Users/sankalpgupta/.p2/pool/plugins/org.eclipse.m2e.maven.runtime_3.8.604.20221130-2149/jars/okio-1.17.3.jar
2023-02-13 22:58:40,826 [Worker-30: Launching Dphone_Customer_Service] INFO  o.eclipse.m2e.core.internal.Bundles - 	Entry: /Users/sankalpgupta/.p2/pool/plugins/org.eclipse.m2e.maven.runtime_3.8.604.20221130-2149/jars/org.eclipse.sisu.inject-0.3.5.jar
2023-02-13 22:58:40,827 [Worker-30: Launching Dphone_Customer_Service] INFO  o.eclipse.m2e.core.internal.Bundles - 	Entry: /Users/sankalpgupta/.p2/pool/plugins/org.eclipse.m2e.maven.runtime_3.8.604.20221130-2149/jars/org.eclipse.sisu.plexus-0.3.5.jar
2023-02-13 22:58:40,827 [Worker-30: Launching Dphone_Customer_Service] INFO  o.eclipse.m2e.core.internal.Bundles - 	Entry: /Users/sankalpgupta/.p2/pool/plugins/org.eclipse.m2e.maven.runtime_3.8.604.20221130-2149/jars/plexus-build-api-0.0.7.jar
2023-02-13 22:58:40,827 [Worker-30: Launching Dphone_Customer_Service] INFO  o.eclipse.m2e.core.internal.Bundles - 	Entry: /Users/sankalpgupta/.p2/pool/plugins/org.eclipse.m2e.maven.runtime_3.8.604.20221130-2149/jars/plexus-cipher-2.0.jar
2023-02-13 22:58:40,827 [Worker-30: Launching Dphone_Customer_Service] INFO  o.eclipse.m2e.core.internal.Bundles - 	Entry: /Users/sankalpgupta/.p2/pool/plugins/org.eclipse.m2e.maven.runtime_3.8.604.20221130-2149/jars/plexus-classworlds-2.6.0.jar
2023-02-13 22:58:40,827 [Worker-30: Launching Dphone_Customer_Service] INFO  o.eclipse.m2e.core.internal.Bundles - 	Entry: /Users/sankalpgupta/.p2/pool/plugins/org.eclipse.m2e.maven.runtime_3.8.604.20221130-2149/jars/plexus-component-annotations-2.1.0.jar
2023-02-13 22:58:40,827 [Worker-30: Launching Dphone_Customer_Service] INFO  o.eclipse.m2e.core.internal.Bundles - 	Entry: /Users/sankalpgupta/.p2/pool/plugins/org.eclipse.m2e.maven.runtime_3.8.604.20221130-2149/jars/plexus-interpolation-1.26.jar
2023-02-13 22:58:40,827 [Worker-30: Launching Dphone_Customer_Service] INFO  o.eclipse.m2e.core.internal.Bundles - 	Entry: /Users/sankalpgupta/.p2/pool/plugins/org.eclipse.m2e.maven.runtime_3.8.604.20221130-2149/jars/plexus-sec-dispatcher-2.0.jar
2023-02-13 22:58:40,827 [Worker-30: Launching Dphone_Customer_Service] INFO  o.eclipse.m2e.core.internal.Bundles - 	Entry: /Users/sankalpgupta/.p2/pool/plugins/org.eclipse.m2e.maven.runtime_3.8.604.20221130-2149/jars/plexus-utils-3.3.1.jar
2023-02-13 22:58:40,827 [Worker-30: Launching Dphone_Customer_Service] INFO  o.eclipse.m2e.core.internal.Bundles - 	Entry: /Users/sankalpgupta/.p2/pool/plugins/org.eclipse.m2e.maven.runtime_3.8.604.20221130-2149/jars/wagon-file-3.5.1.jar
2023-02-13 22:58:40,827 [Worker-30: Launching Dphone_Customer_Service] INFO  o.eclipse.m2e.core.internal.Bundles - 	Entry: /Users/sankalpgupta/.p2/pool/plugins/org.eclipse.m2e.maven.runtime_3.8.604.20221130-2149/jars/wagon-provider-api-3.5.1.jar
2023-02-13 22:58:40,829 [Worker-30: Launching Dphone_Customer_Service] INFO  o.eclipse.m2e.core.internal.Bundles - getClasspathEntries(Bundle=com.google.guava_30.1.0.v20221112-0806 [8])
2023-02-13 22:58:40,834 [Worker-30: Launching Dphone_Customer_Service] INFO  o.eclipse.m2e.core.internal.Bundles - 	Entry: /Users/sankalpgupta/.p2/pool/plugins/com.google.guava_30.1.0.v20221112-0806.jar
2023-02-13 22:58:40,834 [Worker-30: Launching Dphone_Customer_Service] INFO  o.eclipse.m2e.core.internal.Bundles - getClasspathEntries(Bundle=slf4j.api_1.7.36 [426])
2023-02-13 22:58:40,835 [Worker-30: Launching Dphone_Customer_Service] INFO  o.eclipse.m2e.core.internal.Bundles - 	Entry: /Users/sankalpgupta/.p2/pool/plugins/slf4j.api_1.7.36.jar
2023-02-13 22:58:40,835 [Worker-30: Launching Dphone_Customer_Service] INFO  o.eclipse.m2e.core.internal.Bundles - getClasspathEntries(Bundle=javax.inject_1.0.0.v20220405-0441 [18])
2023-02-13 22:58:40,845 [Worker-30: Launching Dphone_Customer_Service] INFO  o.eclipse.m2e.core.internal.Bundles - 	Entry: /Users/sankalpgupta/.p2/pool/plugins/javax.inject_1.0.0.v20220405-0441.jar
2023-02-13 22:58:40,846 [Worker-30: Launching Dphone_Customer_Service] INFO  o.eclipse.m2e.core.internal.Bundles - getClasspathEntries(Bundle=javax.annotation_1.3.5.v20221112-0806 [16])
2023-02-13 22:58:40,856 [Worker-30: Launching Dphone_Customer_Service] INFO  o.eclipse.m2e.core.internal.Bundles - 	Entry: /Users/sankalpgupta/.p2/pool/plugins/javax.annotation_1.3.5.v20221112-0806.jar
2023-02-13 22:58:40,862 [Worker-30: Launching Dphone_Customer_Service] INFO  o.e.m.i.launch.MavenLaunchDelegate - Run build in "/Users/sankalpgupta/Documents/DPhone-Enterprise/Dphone_Customer_Service":
2023-02-13 22:58:40,874 [Worker-30: Launching Dphone_Customer_Service] INFO  o.e.m.i.launch.MavenLaunchDelegate -  mvn  -B -Dstyle.color=always clean install spring-boot:run
2023-02-13 23:01:09,473 [Worker-29: Building] INFO  o.a.m.s.f.DefaultMavenResourcesFiltering - Copying 1 resource
2023-02-13 23:01:09,503 [Worker-29: Building] INFO  o.a.m.s.f.DefaultMavenResourcesFiltering - Copying 0 resource
2023-02-13 23:01:09,513 [Worker-29: Building] INFO  o.a.m.s.f.DefaultMavenResourcesFiltering - skip non existing resourceDirectory /Users/sankalpgupta/Documents/DPhone-Enterprise/Dphone_Customer_Service/src/test/resources
2023-02-13 23:02:51,286 [Worker-31: Building] INFO  o.a.m.s.f.DefaultMavenResourcesFiltering - Copying 1 resource
2023-02-13 23:02:51,312 [Worker-31: Building] INFO  o.a.m.s.f.DefaultMavenResourcesFiltering - Copying 0 resource
2023-02-13 23:02:51,315 [Worker-31: Building] INFO  o.a.m.s.f.DefaultMavenResourcesFiltering - skip non existing resourceDirectory /Users/sankalpgupta/Documents/DPhone-Enterprise/Dphone_Customer_Service/src/test/resources
2023-02-13 23:03:00,699 [Worker-4: Building] INFO  o.e.m.c.i.l.LifecycleMappingFactory - Using org.eclipse.m2e.jdt.JarLifecycleMapping lifecycle mapping for MavenProject: com.dphone.customer:Dphone_Customer_Service:0.0.1-SNAPSHOT @ /Users/sankalpgupta/Documents/DPhone-Enterprise/Dphone_Customer_Service/pom.xml.
2023-02-13 23:03:01,483 [Worker-4: Building] INFO  o.a.m.s.f.DefaultMavenResourcesFiltering - Copying 0 resource
2023-02-13 23:03:01,483 [Worker-4: Building] INFO  o.a.m.s.f.DefaultMavenResourcesFiltering - Copying 0 resource
2023-02-13 23:03:01,489 [Worker-4: Building] INFO  o.a.m.s.f.DefaultMavenResourcesFiltering - skip non existing resourceDirectory /Users/sankalpgupta/Documents/DPhone-Enterprise/Dphone_Customer_Service/src/test/resources
2023-02-13 23:03:02,822 [Worker-33: Building] INFO  o.a.m.s.f.DefaultMavenResourcesFiltering - Copying 1 resource
2023-02-13 23:03:02,838 [Worker-33: Building] INFO  o.a.m.s.f.DefaultMavenResourcesFiltering - Copying 0 resource
2023-02-13 23:03:02,845 [Worker-33: Building] INFO  o.a.m.s.f.DefaultMavenResourcesFiltering - skip non existing resourceDirectory /Users/sankalpgupta/Documents/DPhone-Enterprise/Dphone_Customer_Service/src/test/resources
2023-02-13 23:06:16,577 [Worker-33: Building] INFO  o.a.m.s.f.DefaultMavenResourcesFiltering - Copying 1 resource
2023-02-13 23:06:16,593 [Worker-33: Building] INFO  o.a.m.s.f.DefaultMavenResourcesFiltering - Copying 0 resource
2023-02-13 23:06:16,597 [Worker-33: Building] INFO  o.a.m.s.f.DefaultMavenResourcesFiltering - skip non existing resourceDirectory /Users/sankalpgupta/Documents/DPhone-Enterprise/Dphone_Customer_Service/src/test/resources
2023-02-13 23:06:39,190 [Worker-34: Building] INFO  o.a.m.s.f.DefaultMavenResourcesFiltering - Copying 1 resource
2023-02-13 23:06:39,209 [Worker-34: Building] INFO  o.a.m.s.f.DefaultMavenResourcesFiltering - Copying 0 resource
2023-02-13 23:06:39,211 [Worker-34: Building] INFO  o.a.m.s.f.DefaultMavenResourcesFiltering - skip non existing resourceDirectory /Users/sankalpgupta/Documents/DPhone-Enterprise/Dphone_Customer_Service/src/test/resources
2023-02-13 23:07:55,339 [Worker-31: Building] INFO  o.a.m.s.f.DefaultMavenResourcesFiltering - Copying 1 resource
2023-02-13 23:07:55,350 [Worker-31: Building] INFO  o.a.m.s.f.DefaultMavenResourcesFiltering - Copying 0 resource
2023-02-13 23:07:55,354 [Worker-31: Building] INFO  o.a.m.s.f.DefaultMavenResourcesFiltering - skip non existing resourceDirectory /Users/sankalpgupta/Documents/DPhone-Enterprise/Dphone_Customer_Service/src/test/resources
2023-02-13 23:09:14,782 [Worker-30: Building] INFO  o.a.m.s.f.DefaultMavenResourcesFiltering - Copying 1 resource
2023-02-13 23:09:14,799 [Worker-30: Building] INFO  o.a.m.s.f.DefaultMavenResourcesFiltering - Copying 0 resource
2023-02-13 23:09:14,804 [Worker-30: Building] INFO  o.a.m.s.f.DefaultMavenResourcesFiltering - skip non existing resourceDirectory /Users/sankalpgupta/Documents/DPhone-Enterprise/Dphone_Customer_Service/src/test/resources
2023-02-13 23:09:23,555 [Worker-33: Building] INFO  o.a.m.s.f.DefaultMavenResourcesFiltering - Copying 1 resource
2023-02-13 23:09:23,568 [Worker-33: Building] INFO  o.a.m.s.f.DefaultMavenResourcesFiltering - Copying 0 resource
2023-02-13 23:09:23,576 [Worker-33: Building] INFO  o.a.m.s.f.DefaultMavenResourcesFiltering - skip non existing resourceDirectory /Users/sankalpgupta/Documents/DPhone-Enterprise/Dphone_Customer_Service/src/test/resources
2023-02-13 23:09:36,905 [Worker-4: Building] INFO  o.a.m.s.f.DefaultMavenResourcesFiltering - Copying 1 resource
2023-02-13 23:09:36,918 [Worker-4: Building] INFO  o.a.m.s.f.DefaultMavenResourcesFiltering - Copying 0 resource
2023-02-13 23:09:36,923 [Worker-4: Building] INFO  o.a.m.s.f.DefaultMavenResourcesFiltering - skip non existing resourceDirectory /Users/sankalpgupta/Documents/DPhone-Enterprise/Dphone_Customer_Service/src/test/resources
2023-02-13 23:13:52,419 [Worker-37: Building] INFO  o.a.m.s.f.DefaultMavenResourcesFiltering - Copying 1 resource
2023-02-13 23:13:52,436 [Worker-37: Building] INFO  o.a.m.s.f.DefaultMavenResourcesFiltering - Copying 0 resource
2023-02-13 23:13:52,440 [Worker-37: Building] INFO  o.a.m.s.f.DefaultMavenResourcesFiltering - skip non existing resourceDirectory /Users/sankalpgupta/Documents/DPhone-Enterprise/Dphone_Customer_Service/src/test/resources
2023-02-13 23:18:06,311 [Worker-33: Building] INFO  o.a.m.s.f.DefaultMavenResourcesFiltering - Copying 1 resource
2023-02-13 23:18:06,331 [Worker-33: Building] INFO  o.a.m.s.f.DefaultMavenResourcesFiltering - Copying 0 resource
2023-02-13 23:18:06,342 [Worker-33: Building] INFO  o.a.m.s.f.DefaultMavenResourcesFiltering - skip non existing resourceDirectory /Users/sankalpgupta/Documents/DPhone-Enterprise/Dphone_Customer_Service/src/test/resources
2023-02-13 23:24:46,130 [Worker-40: Building] INFO  o.a.m.s.f.DefaultMavenResourcesFiltering - Copying 1 resource
2023-02-13 23:24:46,145 [Worker-40: Building] INFO  o.a.m.s.f.DefaultMavenResourcesFiltering - Copying 0 resource
2023-02-13 23:24:46,147 [Worker-40: Building] INFO  o.a.m.s.f.DefaultMavenResourcesFiltering - skip non existing resourceDirectory /Users/sankalpgupta/Documents/DPhone-Enterprise/Dphone_Customer_Service/src/test/resources
2023-02-13 23:24:49,707 [Worker-33: Building] INFO  o.a.m.s.f.DefaultMavenResourcesFiltering - Copying 1 resource
2023-02-13 23:24:49,718 [Worker-33: Building] INFO  o.a.m.s.f.DefaultMavenResourcesFiltering - Copying 0 resource
2023-02-13 23:24:49,722 [Worker-33: Building] INFO  o.a.m.s.f.DefaultMavenResourcesFiltering - skip non existing resourceDirectory /Users/sankalpgupta/Documents/DPhone-Enterprise/Dphone_Customer_Service/src/test/resources
2023-02-14 00:02:09,326 [Worker-40: Building] INFO  o.a.m.s.f.DefaultMavenResourcesFiltering - Copying 1 resource
2023-02-14 00:02:09,365 [Worker-40: Building] INFO  o.a.m.s.f.DefaultMavenResourcesFiltering - Copying 0 resource
2023-02-14 00:02:09,367 [Worker-40: Building] INFO  o.a.m.s.f.DefaultMavenResourcesFiltering - skip non existing resourceDirectory /Users/sankalpgupta/Documents/DPhone-Enterprise/Dphone_Customer_Service/src/test/resources
2023-02-14 00:03:11,713 [Worker-42: Building] INFO  o.a.m.s.f.DefaultMavenResourcesFiltering - Copying 1 resource
2023-02-14 00:03:11,730 [Worker-42: Building] INFO  o.a.m.s.f.DefaultMavenResourcesFiltering - Copying 0 resource
2023-02-14 00:03:11,733 [Worker-42: Building] INFO  o.a.m.s.f.DefaultMavenResourcesFiltering - skip non existing resourceDirectory /Users/sankalpgupta/Documents/DPhone-Enterprise/Dphone_Customer_Service/src/test/resources
2023-02-14 00:12:41,445 [Worker-33: Building] INFO  o.a.m.s.f.DefaultMavenResourcesFiltering - Copying 1 resource
2023-02-14 00:12:41,467 [Worker-33: Building] INFO  o.a.m.s.f.DefaultMavenResourcesFiltering - Copying 0 resource
2023-02-14 00:12:41,469 [Worker-33: Building] INFO  o.a.m.s.f.DefaultMavenResourcesFiltering - skip non existing resourceDirectory /Users/sankalpgupta/Documents/DPhone-Enterprise/Dphone_Customer_Service/src/test/resources
2023-02-14 00:12:47,323 [Worker-43: Building] INFO  o.a.m.s.f.DefaultMavenResourcesFiltering - Copying 1 resource
2023-02-14 00:12:47,335 [Worker-43: Building] INFO  o.a.m.s.f.DefaultMavenResourcesFiltering - Copying 0 resource
2023-02-14 00:12:47,339 [Worker-43: Building] INFO  o.a.m.s.f.DefaultMavenResourcesFiltering - skip non existing resourceDirectory /Users/sankalpgupta/Documents/DPhone-Enterprise/Dphone_Customer_Service/src/test/resources
2023-02-14 00:12:59,108 [main] INFO  o.e.m2e.actions.ExecutePomAction - Using existing launch configuration
2023-02-14 00:12:59,146 [Worker-43: Launching Dphone_Customer_Service] INFO  o.e.m.i.launch.MavenLaunchDelegate - Run build in "/Users/sankalpgupta/Documents/DPhone-Enterprise/Dphone_Customer_Service":
2023-02-14 00:12:59,146 [Worker-43: Launching Dphone_Customer_Service] INFO  o.e.m.i.launch.MavenLaunchDelegate -  mvn  -B -Dstyle.color=always clean install spring-boot:run
2023-02-14 00:13:52,387 [main] INFO  o.e.m2e.actions.ExecutePomAction - Using existing launch configuration
2023-02-14 00:13:52,440 [Worker-41: Launching Dphone_Customer_Service] INFO  o.e.m.i.launch.MavenLaunchDelegate - Run build in "/Users/sankalpgupta/Documents/DPhone-Enterprise/Dphone_Customer_Service":
2023-02-14 00:13:52,441 [Worker-41: Launching Dphone_Customer_Service] INFO  o.e.m.i.launch.MavenLaunchDelegate -  mvn  -B -Dstyle.color=always clean install spring-boot:run
2023-02-14 00:17:05,156 [Worker-45: Building] INFO  o.e.m.c.i.l.LifecycleMappingFactory - Using org.eclipse.m2e.jdt.JarLifecycleMapping lifecycle mapping for MavenProject: com.dphone.customer:Dphone_Customer_Service:0.0.1-SNAPSHOT @ /Users/sankalpgupta/Documents/DPhone-Enterprise/Dphone_Customer_Service/pom.xml.
2023-02-14 00:17:05,844 [Worker-45: Building] INFO  o.a.m.s.f.DefaultMavenResourcesFiltering - Copying 0 resource
2023-02-14 00:17:05,844 [Worker-45: Building] INFO  o.a.m.s.f.DefaultMavenResourcesFiltering - Copying 0 resource
2023-02-14 00:17:05,848 [Worker-45: Building] INFO  o.a.m.s.f.DefaultMavenResourcesFiltering - skip non existing resourceDirectory /Users/sankalpgupta/Documents/DPhone-Enterprise/Dphone_Customer_Service/src/test/resources
2023-02-14 00:17:07,261 [Worker-46: Building] INFO  o.a.m.s.f.DefaultMavenResourcesFiltering - Copying 1 resource
2023-02-14 00:17:07,278 [Worker-46: Building] INFO  o.a.m.s.f.DefaultMavenResourcesFiltering - Copying 0 resource
2023-02-14 00:17:07,280 [Worker-46: Building] INFO  o.a.m.s.f.DefaultMavenResourcesFiltering - skip non existing resourceDirectory /Users/sankalpgupta/Documents/DPhone-Enterprise/Dphone_Customer_Service/src/test/resources
2023-02-14 00:17:16,441 [main] INFO  o.e.m2e.actions.ExecutePomAction - Using existing launch configuration
2023-02-14 00:17:16,570 [Worker-45: Launching Dphone_Customer_Service] INFO  o.e.m.i.launch.MavenLaunchDelegate - Run build in "/Users/sankalpgupta/Documents/DPhone-Enterprise/Dphone_Customer_Service":
2023-02-14 00:17:16,571 [Worker-45: Launching Dphone_Customer_Service] INFO  o.e.m.i.launch.MavenLaunchDelegate -  mvn  -B -Dstyle.color=always clean install spring-boot:run
2023-02-14 00:18:09,381 [Worker-45: Building] INFO  o.e.m.c.i.l.LifecycleMappingFactory - Using org.eclipse.m2e.jdt.JarLifecycleMapping lifecycle mapping for MavenProject: com.dphone.customer:Dphone_Customer_Service:0.0.1-SNAPSHOT @ /Users/sankalpgupta/Documents/DPhone-Enterprise/Dphone_Customer_Service/pom.xml.
2023-02-14 00:18:10,005 [Worker-45: Building] INFO  o.a.m.s.f.DefaultMavenResourcesFiltering - Copying 0 resource
2023-02-14 00:18:10,006 [Worker-45: Building] INFO  o.a.m.s.f.DefaultMavenResourcesFiltering - Copying 0 resource
2023-02-14 00:18:10,017 [Worker-45: Building] INFO  o.a.m.s.f.DefaultMavenResourcesFiltering - skip non existing resourceDirectory /Users/sankalpgupta/Documents/DPhone-Enterprise/Dphone_Customer_Service/src/test/resources
2023-02-14 00:18:11,634 [Worker-47: Building] INFO  o.a.m.s.f.DefaultMavenResourcesFiltering - Copying 1 resource
2023-02-14 00:18:11,668 [Worker-47: Building] INFO  o.a.m.s.f.DefaultMavenResourcesFiltering - Copying 0 resource
2023-02-14 00:18:11,670 [Worker-47: Building] INFO  o.a.m.s.f.DefaultMavenResourcesFiltering - skip non existing resourceDirectory /Users/sankalpgupta/Documents/DPhone-Enterprise/Dphone_Customer_Service/src/test/resources
2023-02-14 00:18:41,541 [Worker-42: Building] INFO  o.a.m.s.f.DefaultMavenResourcesFiltering - Copying 1 resource
2023-02-14 00:18:41,554 [Worker-42: Building] INFO  o.a.m.s.f.DefaultMavenResourcesFiltering - Copying 0 resource
2023-02-14 00:18:41,556 [Worker-42: Building] INFO  o.a.m.s.f.DefaultMavenResourcesFiltering - skip non existing resourceDirectory /Users/sankalpgupta/Documents/DPhone-Enterprise/Dphone_Customer_Service/src/test/resources
2023-02-14 00:18:54,003 [main] INFO  o.e.m2e.actions.ExecutePomAction - Using existing launch configuration
2023-02-14 00:18:54,092 [Worker-45: Launching Dphone_Customer_Service] INFO  o.e.m.i.launch.MavenLaunchDelegate - Run build in "/Users/sankalpgupta/Documents/DPhone-Enterprise/Dphone_Customer_Service":
2023-02-14 00:18:54,092 [Worker-45: Launching Dphone_Customer_Service] INFO  o.e.m.i.launch.MavenLaunchDelegate -  mvn  -B -Dstyle.color=always clean install spring-boot:run
2023-02-14 00:19:42,211 [Worker-45: Updating Maven Project] INFO  o.e.m.c.i.p.ProjectConfigurationManager - Update started
2023-02-14 00:19:42,423 [Worker-45: Updating Maven Project] INFO  o.e.m.c.i.l.LifecycleMappingFactory - Using org.eclipse.m2e.jdt.JarLifecycleMapping lifecycle mapping for MavenProject: com.dphone.customer:Dphone_Customer_Service:0.0.1-SNAPSHOT @ /Users/sankalpgupta/Documents/DPhone-Enterprise/Dphone_Customer_Service/pom.xml.
2023-02-14 00:19:43,202 [Worker-45: Updating Maven Project] INFO  o.e.m.j.i.AbstractJavaProjectConfigurator - Adding source folder /Dphone_Customer_Service/src/main/java
2023-02-14 00:19:43,205 [Worker-45: Updating Maven Project] INFO  o.e.m.j.i.AbstractJavaProjectConfigurator - Adding resource folder /Dphone_Customer_Service/src/main/resources
2023-02-14 00:19:43,205 [Worker-45: Updating Maven Project] INFO  o.e.m.j.i.AbstractJavaProjectConfigurator - Adding resource folder /Dphone_Customer_Service/src/main/resources
2023-02-14 00:19:43,205 [Worker-45: Updating Maven Project] INFO  o.e.m.j.i.AbstractJavaProjectConfigurator - Adding source folder /Dphone_Customer_Service/src/test/java
2023-02-14 00:19:43,664 [Worker-45: Updating Maven Project] INFO  o.e.m.c.i.p.ProjectConfigurationManager - Update completed for 1 poms: local refresh takes 0.00 sec, refresh facades takes 0.00 sec, update config takes 0.00 sec 
2023-02-14 00:19:47,743 [main] INFO  o.e.m2e.actions.ExecutePomAction - Using existing launch configuration
2023-02-14 00:19:47,848 [Worker-40: Launching Dphone_Customer_Service] INFO  o.e.m.i.launch.MavenLaunchDelegate - Run build in "/Users/sankalpgupta/Documents/DPhone-Enterprise/Dphone_Customer_Service":
2023-02-14 00:19:47,848 [Worker-40: Launching Dphone_Customer_Service] INFO  o.e.m.i.launch.MavenLaunchDelegate -  mvn  -B -Dstyle.color=always clean install spring-boot:run
2023-02-14 00:21:44,836 [main] INFO  o.e.m2e.actions.ExecutePomAction - Using existing launch configuration
2023-02-14 00:21:44,932 [Worker-45: Launching Dphone_Customer_Service] INFO  o.e.m.i.launch.MavenLaunchDelegate - Run build in "/Users/sankalpgupta/Documents/DPhone-Enterprise/Dphone_Customer_Service":
2023-02-14 00:21:44,933 [Worker-45: Launching Dphone_Customer_Service] INFO  o.e.m.i.launch.MavenLaunchDelegate -  mvn  -B -Dstyle.color=always clean install spring-boot:run
2023-02-14 00:24:21,953 [Worker-40: Building] INFO  o.e.m.c.i.l.LifecycleMappingFactory - Using org.eclipse.m2e.jdt.JarLifecycleMapping lifecycle mapping for MavenProject: com.dphone.customer:Dphone_Customer_Service:0.0.1-SNAPSHOT @ /Users/sankalpgupta/Documents/DPhone-Enterprise/Dphone_Customer_Service/pom.xml.
2023-02-14 00:24:22,690 [Worker-40: Building] INFO  o.a.m.s.f.DefaultMavenResourcesFiltering - Copying 0 resource
2023-02-14 00:24:22,691 [Worker-40: Building] INFO  o.a.m.s.f.DefaultMavenResourcesFiltering - Copying 0 resource
2023-02-14 00:24:22,702 [Worker-40: Building] INFO  o.a.m.s.f.DefaultMavenResourcesFiltering - skip non existing resourceDirectory /Users/sankalpgupta/Documents/DPhone-Enterprise/Dphone_Customer_Service/src/test/resources
2023-02-14 00:24:24,054 [Worker-45: Building] INFO  o.a.m.s.f.DefaultMavenResourcesFiltering - Copying 1 resource
2023-02-14 00:24:24,074 [Worker-45: Building] INFO  o.a.m.s.f.DefaultMavenResourcesFiltering - Copying 0 resource
2023-02-14 00:24:24,075 [Worker-45: Building] INFO  o.a.m.s.f.DefaultMavenResourcesFiltering - skip non existing resourceDirectory /Users/sankalpgupta/Documents/DPhone-Enterprise/Dphone_Customer_Service/src/test/resources
2023-02-14 00:24:33,652 [Worker-53: Building] INFO  o.a.m.s.f.DefaultMavenResourcesFiltering - Copying 1 resource
2023-02-14 00:24:33,667 [Worker-53: Building] INFO  o.a.m.s.f.DefaultMavenResourcesFiltering - Copying 0 resource
2023-02-14 00:24:33,671 [Worker-53: Building] INFO  o.a.m.s.f.DefaultMavenResourcesFiltering - skip non existing resourceDirectory /Users/sankalpgupta/Documents/DPhone-Enterprise/Dphone_Customer_Service/src/test/resources
2023-02-14 00:24:43,775 [Worker-45: Building] INFO  o.a.m.s.f.DefaultMavenResourcesFiltering - Copying 1 resource
2023-02-14 00:24:43,816 [Worker-45: Building] INFO  o.a.m.s.f.DefaultMavenResourcesFiltering - Copying 0 resource
2023-02-14 00:24:43,828 [Worker-45: Building] INFO  o.a.m.s.f.DefaultMavenResourcesFiltering - skip non existing resourceDirectory /Users/sankalpgupta/Documents/DPhone-Enterprise/Dphone_Customer_Service/src/test/resources
2023-02-14 00:24:52,706 [Worker-50: Updating Maven Project] INFO  o.e.m.c.i.p.ProjectConfigurationManager - Update started
2023-02-14 00:24:52,972 [Worker-50: Updating Maven Project] INFO  o.e.m.c.i.l.LifecycleMappingFactory - Using org.eclipse.m2e.jdt.JarLifecycleMapping lifecycle mapping for MavenProject: com.dphone.customer:Dphone_Customer_Service:0.0.1-SNAPSHOT @ /Users/sankalpgupta/Documents/DPhone-Enterprise/Dphone_Customer_Service/pom.xml.
2023-02-14 00:24:53,308 [Worker-50: Updating Maven Project] INFO  o.e.m.j.i.AbstractJavaProjectConfigurator - Adding source folder /Dphone_Customer_Service/src/main/java
2023-02-14 00:24:53,309 [Worker-50: Updating Maven Project] INFO  o.e.m.j.i.AbstractJavaProjectConfigurator - Adding resource folder /Dphone_Customer_Service/src/main/resources
2023-02-14 00:24:53,309 [Worker-50: Updating Maven Project] INFO  o.e.m.j.i.AbstractJavaProjectConfigurator - Adding resource folder /Dphone_Customer_Service/src/main/resources
2023-02-14 00:24:53,309 [Worker-50: Updating Maven Project] INFO  o.e.m.j.i.AbstractJavaProjectConfigurator - Adding source folder /Dphone_Customer_Service/src/test/java
2023-02-14 00:24:53,481 [Worker-50: Updating Maven Project] INFO  o.e.m.c.i.p.ProjectConfigurationManager - Update completed for 1 poms: local refresh takes 0.00 sec, refresh facades takes 0.00 sec, update config takes 0.00 sec 
2023-02-14 00:24:57,353 [main] INFO  o.e.m2e.actions.ExecutePomAction - Using existing launch configuration
2023-02-14 00:24:57,459 [Worker-53: Launching Dphone_Customer_Service] INFO  o.e.m.i.launch.MavenLaunchDelegate - Run build in "/Users/sankalpgupta/Documents/DPhone-Enterprise/Dphone_Customer_Service":
2023-02-14 00:24:57,459 [Worker-53: Launching Dphone_Customer_Service] INFO  o.e.m.i.launch.MavenLaunchDelegate -  mvn  -B -Dstyle.color=always clean install spring-boot:run
2023-02-14 00:36:14,131 [main] INFO  o.e.m2e.actions.ExecutePomAction - Using existing launch configuration
2023-02-14 00:36:14,171 [Worker-55: Launching Dphone_Customer_Service] INFO  o.e.m.i.launch.MavenLaunchDelegate - Run build in "/Users/sankalpgupta/Documents/DPhone-Enterprise/Dphone_Customer_Service":
2023-02-14 00:36:14,171 [Worker-55: Launching Dphone_Customer_Service] INFO  o.e.m.i.launch.MavenLaunchDelegate -  mvn  -B -Dstyle.color=always clean install spring-boot:run
2023-02-14 00:43:37,947 [main] INFO  o.e.m2e.actions.ExecutePomAction - Using existing launch configuration
2023-02-14 00:43:37,988 [Worker-56: Launching Dphone_Customer_Service] INFO  o.e.m.i.launch.MavenLaunchDelegate - Run build in "/Users/sankalpgupta/Documents/DPhone-Enterprise/Dphone_Customer_Service":
2023-02-14 00:43:37,989 [Worker-56: Launching Dphone_Customer_Service] INFO  o.e.m.i.launch.MavenLaunchDelegate -  mvn  -B -Dstyle.color=always clean install spring-boot:run
2023-02-14 00:44:47,665 [main] INFO  o.e.m2e.actions.ExecutePomAction - Using existing launch configuration
2023-02-14 00:44:47,754 [Worker-61: Launching Dphone_Customer_Service] INFO  o.e.m.i.launch.MavenLaunchDelegate - Run build in "/Users/sankalpgupta/Documents/DPhone-Enterprise/Dphone_Customer_Service":
2023-02-14 00:44:47,754 [Worker-61: Launching Dphone_Customer_Service] INFO  o.e.m.i.launch.MavenLaunchDelegate -  mvn  -B -Dstyle.color=always clean install spring-boot:run
2023-02-14 00:47:30,792 [main] INFO  o.e.m2e.actions.ExecutePomAction - Using existing launch configuration
2023-02-14 00:47:30,823 [Worker-56: Launching Dphone_Customer_Service] INFO  o.e.m.i.launch.MavenLaunchDelegate - Run build in "/Users/sankalpgupta/Documents/DPhone-Enterprise/Dphone_Customer_Service":
2023-02-14 00:47:30,824 [Worker-56: Launching Dphone_Customer_Service] INFO  o.e.m.i.launch.MavenLaunchDelegate -  mvn  -B -Dstyle.color=always clean install spring-boot:run
2023-02-14 10:04:19,158 [Worker-9: Loading available Gradle versions] INFO  o.e.b.c.i.u.g.PublishedGradleVersions - Gradle version information cache is up-to-date. Trying to read.
